# JRE version: OpenJDK Runtime Environment (8.0_242-b01) (build 1.8.0_242-release-1644-b01)
# Java VM: OpenJDK 64-Bit Server VM (25.242-b01 mixed mode windows-amd64 compressed oops)
Heap:
 PSYoungGen      total 624128K, used 343833K [0x00000000d5580000, 0x00000000ff480000, 0x0000000100000000)
  eden space 565248K, 57% used [0x00000000d5580000,0x00000000e94284e8,0x00000000f7d80000)
  from space 58880K, 29% used [0x00000000fbb00000,0x00000000fcc1df80,0x00000000ff480000)
  to   space 60928K, 0% used [0x00000000f7d80000,0x00000000f7d80000,0x00000000fb900000)
 ParOldGen       total 292352K, used 239287K [0x0000000080000000, 0x0000000091d80000, 0x00000000d5580000)
  object space 292352K, 81% used [0x0000000080000000,0x000000008e9adff0,0x0000000091d80000)
 Metaspace       used 106800K, capacity 113538K, committed 113792K, reserved 1146880K
  class space    used 14084K, capacity 15361K, committed 15488K, reserved 1048576K
GC Heap History (10 events):
Event: 469.938 GC heap before
{Heap before GC invocations=38 (full 4):
 PSYoungGen      total 612864K, used 538254K [0x00000000d5580000, 0x00000000ffe80000, 0x0000000100000000)
  eden space 531968K, 100% used [0x00000000d5580000,0x00000000f5d00000,0x00000000f5d00000)
  from space 80896K, 7% used [0x00000000f5d00000,0x00000000f6323a48,0x00000000fac00000)
  to   space 78848K, 0% used [0x00000000fb180000,0x00000000fb180000,0x00000000ffe80000)
 ParOldGen       total 292352K, used 231843K [0x0000000080000000, 0x0000000091d80000, 0x00000000d5580000)
  object space 292352K, 79% used [0x0000000080000000,0x000000008e268ec0,0x0000000091d80000)
 Metaspace       used 106717K, capacity 113474K, committed 113792K, reserved 1146880K
  class space    used 14082K, capacity 15361K, committed 15488K, reserved 1048576K
Event: 469.971 GC heap after
Heap after GC invocations=38 (full 4):
 PSYoungGen      total 613376K, used 6236K [0x00000000d5580000, 0x00000000ffa00000, 0x0000000100000000)
  eden space 539136K, 0% used [0x00000000d5580000,0x00000000d5580000,0x00000000f6400000)
  from space 74240K, 8% used [0x00000000fb180000,0x00000000fb797300,0x00000000ffa00000)
  to   space 76800K, 0% used [0x00000000f6400000,0x00000000f6400000,0x00000000faf00000)
 ParOldGen       total 292352K, used 236115K [0x0000000080000000, 0x0000000091d80000, 0x00000000d5580000)
  object space 292352K, 80% used [0x0000000080000000,0x000000008e694e80,0x0000000091d80000)
 Metaspace       used 106717K, capacity 113474K, committed 113792K, reserved 1146880K
  class space    used 14082K, capacity 15361K, committed 15488K, reserved 1048576K
}
Event: 471.758 GC heap before
{Heap before GC invocations=39 (full 4):
 PSYoungGen      total 613376K, used 545372K [0x00000000d5580000, 0x00000000ffa00000, 0x0000000100000000)
  eden space 539136K, 100% used [0x00000000d5580000,0x00000000f6400000,0x00000000f6400000)
  from space 74240K, 8% used [0x00000000fb180000,0x00000000fb797300,0x00000000ffa00000)
  to   space 76800K, 0% used [0x00000000f6400000,0x00000000f6400000,0x00000000faf00000)
 ParOldGen       total 292352K, used 236115K [0x0000000080000000, 0x0000000091d80000, 0x00000000d5580000)
  object space 292352K, 80% used [0x0000000080000000,0x000000008e694e80,0x0000000091d80000)
 Metaspace       used 106732K, capacity 113474K, committed 113792K, reserved 1146880K
  class space    used 14082K, capacity 15361K, committed 15488K, reserved 1048576K
Event: 471.794 GC heap after
Heap after GC invocations=39 (full 4):
 PSYoungGen      total 615936K, used 13567K [0x00000000d5580000, 0x00000000ffb80000, 0x0000000100000000)
  eden space 539136K, 0% used [0x00000000d5580000,0x00000000d5580000,0x00000000f6400000)
  from space 76800K, 17% used [0x00000000f6400000,0x00000000f713fff0,0x00000000faf00000)
  to   space 73216K, 0% used [0x00000000fb400000,0x00000000fb400000,0x00000000ffb80000)
 ParOldGen       total 292352K, used 239279K [0x0000000080000000, 0x0000000091d80000, 0x00000000d5580000)
  object space 292352K, 81% used [0x0000000080000000,0x000000008e9abff0,0x0000000091d80000)
 Metaspace       used 106732K, capacity 113474K, committed 113792K, reserved 1146880K
  class space    used 14082K, capacity 15361K, committed 15488K, reserved 1048576K
}
Event: 473.283 GC heap before
{Heap before GC invocations=40 (full 4):
 PSYoungGen      total 615936K, used 552703K [0x00000000d5580000, 0x00000000ffb80000, 0x0000000100000000)
  eden space 539136K, 100% used [0x00000000d5580000,0x00000000f6400000,0x00000000f6400000)
  from space 76800K, 17% used [0x00000000f6400000,0x00000000f713fff0,0x00000000faf00000)
  to   space 73216K, 0% used [0x00000000fb400000,0x00000000fb400000,0x00000000ffb80000)
 ParOldGen       total 292352K, used 239279K [0x0000000080000000, 0x0000000091d80000, 0x00000000d5580000)
  object space 292352K, 81% used [0x0000000080000000,0x000000008e9abff0,0x0000000091d80000)
 Metaspace       used 106744K, capacity 113474K, committed 113792K, reserved 1146880K
  class space    used 14082K, capacity 15361K, committed 15488K, reserved 1048576K
Event: 473.309 GC heap after
Heap after GC invocations=40 (full 4):
 PSYoungGen      total 614912K, used 14649K [0x00000000d5580000, 0x00000000ff480000, 0x0000000100000000)
  eden space 548864K, 0% used [0x00000000d5580000,0x00000000d5580000,0x00000000f6d80000)
  from space 66048K, 22% used [0x00000000fb400000,0x00000000fc24e608,0x00000000ff480000)
  to   space 69120K, 0% used [0x00000000f6d80000,0x00000000f6d80000,0x00000000fb100000)
 ParOldGen       total 292352K, used 239287K [0x0000000080000000, 0x0000000091d80000, 0x00000000d5580000)
  object space 292352K, 81% used [0x0000000080000000,0x000000008e9adff0,0x0000000091d80000)
 Metaspace       used 106744K, capacity 113474K, committed 113792K, reserved 1146880K
  class space    used 14082K, capacity 15361K, committed 15488K, reserved 1048576K
}
Event: 474.618 GC heap before
{Heap before GC invocations=41 (full 4):
 PSYoungGen      total 614912K, used 563513K [0x00000000d5580000, 0x00000000ff480000, 0x0000000100000000)
  eden space 548864K, 100% used [0x00000000d5580000,0x00000000f6d80000,0x00000000f6d80000)
  from space 66048K, 22% used [0x00000000fb400000,0x00000000fc24e608,0x00000000ff480000)
  to   space 69120K, 0% used [0x00000000f6d80000,0x00000000f6d80000,0x00000000fb100000)
 ParOldGen       total 292352K, used 239287K [0x0000000080000000, 0x0000000091d80000, 0x00000000d5580000)
  object space 292352K, 81% used [0x0000000080000000,0x000000008e9adff0,0x0000000091d80000)
 Metaspace       used 106758K, capacity 113474K, committed 113792K, reserved 1146880K
  class space    used 14082K, capacity 15361K, committed 15488K, reserved 1048576K
Event: 474.641 GC heap after
Heap after GC invocations=41 (full 4):
 PSYoungGen      total 617984K, used 19462K [0x00000000d5580000, 0x00000000ffa00000, 0x0000000100000000)
  eden space 548864K, 0% used [0x00000000d5580000,0x00000000d5580000,0x00000000f6d80000)
  from space 69120K, 28% used [0x00000000f6d80000,0x00000000f8081ad8,0x00000000fb100000)
  to   space 64512K, 0% used [0x00000000fbb00000,0x00000000fbb00000,0x00000000ffa00000)
 ParOldGen       total 292352K, used 239287K [0x0000000080000000, 0x0000000091d80000, 0x00000000d5580000)
  object space 292352K, 81% used [0x0000000080000000,0x000000008e9adff0,0x0000000091d80000)
 Metaspace       used 106758K, capacity 113474K, committed 113792K, reserved 1146880K
  class space    used 14082K, capacity 15361K, committed 15488K, reserved 1048576K
}
Event: 478.100 GC heap before
{Heap before GC invocations=42 (full 4):
 PSYoungGen      total 617984K, used 568326K [0x00000000d5580000, 0x00000000ffa00000, 0x0000000100000000)
  eden space 548864K, 100% used [0x00000000d5580000,0x00000000f6d80000,0x00000000f6d80000)
  from space 69120K, 28% used [0x00000000f6d80000,0x00000000f8081ad8,0x00000000fb100000)
  to   space 64512K, 0% used [0x00000000fbb00000,0x00000000fbb00000,0x00000000ffa00000)
 ParOldGen       total 292352K, used 239287K [0x0000000080000000, 0x0000000091d80000, 0x00000000d5580000)
  object space 292352K, 81% used [0x0000000080000000,0x000000008e9adff0,0x0000000091d80000)
 Metaspace       used 106766K, capacity 113474K, committed 113792K, reserved 1146880K
  class space    used 14083K, capacity 15361K, committed 15488K, reserved 1048576K
Event: 478.125 GC heap after
Heap after GC invocations=42 (full 4):
 PSYoungGen      total 624128K, used 17527K [0x00000000d5580000, 0x00000000ff480000, 0x0000000100000000)
  eden space 565248K, 0% used [0x00000000d5580000,0x00000000d5580000,0x00000000f7d80000)
  from space 58880K, 29% used [0x00000000fbb00000,0x00000000fcc1df80,0x00000000ff480000)
  to   space 60928K, 0% used [0x00000000f7d80000,0x00000000f7d80000,0x00000000fb900000)
 ParOldGen       total 292352K, used 239287K [0x0000000080000000, 0x0000000091d80000, 0x00000000d5580000)
  object space 292352K, 81% used [0x0000000080000000,0x000000008e9adff0,0x0000000091d80000)
 Metaspace       used 106766K, capacity 113474K, committed 113792K, reserved 1146880K
  class space    used 14083K, capacity 15361K, committed 15488K, reserved 1048576K
}

